<?xml version="1.0" encoding="UTF-8"?>
<testsuite name="tests.Case1" tests="1" skipped="0" failures="0" errors="0" timestamp="2021-05-20T15:58:06" hostname="DESKTOP-M9J9CH2" time="3.921">
  <properties/>
  <testcase name="test1()" classname="tests.Case1" time="3.921"/>
  <system-out><![CDATA[]]></system-out>
  <system-err><![CDATA[Starting ChromeDriver 90.0.4430.24 (4c6d850f087da467d926e8eddb76550aed655991-refs/branch-heads/4430@{#429}) on port 28412
Only local connections are allowed.
Please see https://chromedriver.chromium.org/security-considerations for suggestions on keeping ChromeDriver safe.
ChromeDriver was started successfully.
мая 20, 2021 7:58:08 PM org.openqa.selenium.remote.ProtocolHandshake createSession
INFO: Detected dialect: W3C
]]></system-err>
</testsuite>
